<?xml version="1.0" encoding="UTF-8"?>
<testsuite xmlns:xsi="http://www.w3.org/2001/XMLSchema-instance" xsi:noNamespaceSchemaLocation="https://maven.apache.org/surefire/maven-surefire-plugin/xsd/surefire-test-report.xsd" name="testUtils.TestRunner" time="17.797" tests="10" errors="0" skipped="1" failures="2">
  <properties>
    <property name="sun.desktop" value="gnome"/>
    <property name="awt.toolkit" value="sun.awt.X11.XToolkit"/>
    <property name="file.encoding.pkg" value="sun.io"/>
    <property name="java.specification.version" value="1.8"/>
    <property name="sun.cpu.isalist" value=""/>
    <property name="sun.jnu.encoding" value="UTF-8"/>
    <property name="java.class.path" value="/media/evgeny/Data/ControlUpTestTask/target/test-classes:/media/evgeny/Data/ControlUpTestTask/target/classes:/home/evgeny/.m2/repository/org/sikuli/sikuli-api/1.2.0/sikuli-api-1.2.0.jar:/home/evgeny/.m2/repository/org/sikuli/sikuli-core/1.2.2/sikuli-core-1.2.2.jar:/home/evgeny/.m2/repository/org/bytedeco/javacpp/0.9/javacpp-0.9.jar:/home/evgeny/.m2/repository/org/bytedeco/javacpp-presets/opencv/2.4.9-0.9/opencv-2.4.9-0.9.jar:/home/evgeny/.m2/repository/org/piccolo2d/piccolo2d-extras/1.3.1/piccolo2d-extras-1.3.1.jar:/home/evgeny/.m2/repository/org/piccolo2d/piccolo2d-core/1.3.1/piccolo2d-core-1.3.1.jar:/home/evgeny/.m2/repository/org/slf4j/slf4j-api/1.6.6/slf4j-api-1.6.6.jar:/home/evgeny/.m2/repository/junit/junit/4.12/junit-4.12.jar:/home/evgeny/.m2/repository/org/hamcrest/hamcrest-core/1.3/hamcrest-core-1.3.jar:/home/evgeny/.m2/repository/org/apache/commons/commons-csv/1.5/commons-csv-1.5.jar:/home/evgeny/.m2/repository/org/seleniumhq/selenium/selenium-chrome-driver/3.2.0/selenium-chrome-driver-3.2.0.jar:/home/evgeny/.m2/repository/org/apache/commons/commons-lang3/3.5/commons-lang3-3.5.jar:/home/evgeny/.m2/repository/org/seleniumhq/selenium/selenium-support/3.2.0/selenium-support-3.2.0.jar:/home/evgeny/.m2/repository/org/hamcrest/hamcrest-library/1.3/hamcrest-library-1.3.jar:/home/evgeny/.m2/repository/org/seleniumhq/selenium/selenium-java/3.2.0/selenium-java-3.2.0.jar:/home/evgeny/.m2/repository/org/seleniumhq/selenium/selenium-edge-driver/3.2.0/selenium-edge-driver-3.2.0.jar:/home/evgeny/.m2/repository/org/seleniumhq/selenium/selenium-firefox-driver/3.2.0/selenium-firefox-driver-3.2.0.jar:/home/evgeny/.m2/repository/org/seleniumhq/selenium/selenium-ie-driver/3.2.0/selenium-ie-driver-3.2.0.jar:/home/evgeny/.m2/repository/org/seleniumhq/selenium/selenium-opera-driver/3.2.0/selenium-opera-driver-3.2.0.jar:/home/evgeny/.m2/repository/org/seleniumhq/selenium/selenium-safari-driver/3.2.0/selenium-safari-driver-3.2.0.jar:/home/evgeny/.m2/repository/com/codeborne/phantomjsdriver/1.4.0/phantomjsdriver-1.4.0.jar:/home/evgeny/.m2/repository/org/seleniumhq/selenium/htmlunit-driver/2.24/htmlunit-driver-2.24.jar:/home/evgeny/.m2/repository/net/sourceforge/htmlunit/htmlunit/2.24/htmlunit-2.24.jar:/home/evgeny/.m2/repository/xalan/xalan/2.7.2/xalan-2.7.2.jar:/home/evgeny/.m2/repository/xalan/serializer/2.7.2/serializer-2.7.2.jar:/home/evgeny/.m2/repository/org/apache/httpcomponents/httpmime/4.5.2/httpmime-4.5.2.jar:/home/evgeny/.m2/repository/net/sourceforge/htmlunit/htmlunit-core-js/2.23/htmlunit-core-js-2.23.jar:/home/evgeny/.m2/repository/net/sourceforge/htmlunit/neko-htmlunit/2.24/neko-htmlunit-2.24.jar:/home/evgeny/.m2/repository/xerces/xercesImpl/2.11.0/xercesImpl-2.11.0.jar:/home/evgeny/.m2/repository/xml-apis/xml-apis/1.4.01/xml-apis-1.4.01.jar:/home/evgeny/.m2/repository/net/sourceforge/cssparser/cssparser/0.9.21/cssparser-0.9.21.jar:/home/evgeny/.m2/repository/org/w3c/css/sac/1.3/sac-1.3.jar:/home/evgeny/.m2/repository/org/eclipse/jetty/websocket/websocket-client/9.2.20.v20161216/websocket-client-9.2.20.v20161216.jar:/home/evgeny/.m2/repository/org/eclipse/jetty/jetty-util/9.2.20.v20161216/jetty-util-9.2.20.v20161216.jar:/home/evgeny/.m2/repository/org/eclipse/jetty/jetty-io/9.2.20.v20161216/jetty-io-9.2.20.v20161216.jar:/home/evgeny/.m2/repository/org/eclipse/jetty/websocket/websocket-common/9.2.20.v20161216/websocket-common-9.2.20.v20161216.jar:/home/evgeny/.m2/repository/org/eclipse/jetty/websocket/websocket-api/9.2.20.v20161216/websocket-api-9.2.20.v20161216.jar:/home/evgeny/.m2/repository/org/seleniumhq/selenium/selenium-remote-driver/3.2.0/selenium-remote-driver-3.2.0.jar:/home/evgeny/.m2/repository/org/seleniumhq/selenium/selenium-api/3.2.0/selenium-api-3.2.0.jar:/home/evgeny/.m2/repository/cglib/cglib-nodep/3.2.4/cglib-nodep-3.2.4.jar:/home/evgeny/.m2/repository/org/apache/commons/commons-exec/1.3/commons-exec-1.3.jar:/home/evgeny/.m2/repository/com/google/code/gson/gson/2.3.1/gson-2.3.1.jar:/home/evgeny/.m2/repository/org/apache/httpcomponents/httpclient/4.5.2/httpclient-4.5.2.jar:/home/evgeny/.m2/repository/org/apache/httpcomponents/httpcore/4.4.4/httpcore-4.4.4.jar:/home/evgeny/.m2/repository/commons-codec/commons-codec/1.9/commons-codec-1.9.jar:/home/evgeny/.m2/repository/net/java/dev/jna/jna-platform/4.1.0/jna-platform-4.1.0.jar:/home/evgeny/.m2/repository/net/java/dev/jna/jna/4.1.0/jna-4.1.0.jar:/home/evgeny/.m2/repository/info/cukes/cucumber-core/1.2.5/cucumber-core-1.2.5.jar:/home/evgeny/.m2/repository/info/cukes/cucumber-html/0.2.3/cucumber-html-0.2.3.jar:/home/evgeny/.m2/repository/info/cukes/cucumber-jvm-deps/1.0.5/cucumber-jvm-deps-1.0.5.jar:/home/evgeny/.m2/repository/info/cukes/gherkin/2.12.2/gherkin-2.12.2.jar:/home/evgeny/.m2/repository/info/cukes/cucumber-spring/1.2.5/cucumber-spring-1.2.5.jar:/home/evgeny/.m2/repository/info/cukes/cucumber-java/1.2.5/cucumber-java-1.2.5.jar:/home/evgeny/.m2/repository/info/cukes/cucumber-junit/1.2.5/cucumber-junit-1.2.5.jar:/home/evgeny/.m2/repository/org/apache/commons/commons-collections4/4.0/commons-collections4-4.0.jar:/home/evgeny/.m2/repository/commons-configuration/commons-configuration/1.6/commons-configuration-1.6.jar:/home/evgeny/.m2/repository/commons-collections/commons-collections/3.2.1/commons-collections-3.2.1.jar:/home/evgeny/.m2/repository/commons-lang/commons-lang/2.4/commons-lang-2.4.jar:/home/evgeny/.m2/repository/commons-logging/commons-logging/1.1.1/commons-logging-1.1.1.jar:/home/evgeny/.m2/repository/commons-digester/commons-digester/1.8/commons-digester-1.8.jar:/home/evgeny/.m2/repository/commons-beanutils/commons-beanutils/1.7.0/commons-beanutils-1.7.0.jar:/home/evgeny/.m2/repository/commons-beanutils/commons-beanutils-core/1.8.0/commons-beanutils-core-1.8.0.jar:/home/evgeny/.m2/repository/org/springframework/spring-beans/5.0.1.RELEASE/spring-beans-5.0.1.RELEASE.jar:/home/evgeny/.m2/repository/org/springframework/spring-context/5.0.1.RELEASE/spring-context-5.0.1.RELEASE.jar:/home/evgeny/.m2/repository/org/springframework/spring-aop/5.0.1.RELEASE/spring-aop-5.0.1.RELEASE.jar:/home/evgeny/.m2/repository/org/springframework/spring-expression/5.0.1.RELEASE/spring-expression-5.0.1.RELEASE.jar:/home/evgeny/.m2/repository/org/springframework/spring-context-support/5.0.1.RELEASE/spring-context-support-5.0.1.RELEASE.jar:/home/evgeny/.m2/repository/org/springframework/spring-core/5.0.1.RELEASE/spring-core-5.0.1.RELEASE.jar:/home/evgeny/.m2/repository/org/springframework/spring-jcl/5.0.1.RELEASE/spring-jcl-5.0.1.RELEASE.jar:/home/evgeny/.m2/repository/org/springframework/spring-jdbc/5.0.1.RELEASE/spring-jdbc-5.0.1.RELEASE.jar:/home/evgeny/.m2/repository/org/springframework/spring-tx/5.0.1.RELEASE/spring-tx-5.0.1.RELEASE.jar:/home/evgeny/.m2/repository/org/springframework/spring-orm/5.0.1.RELEASE/spring-orm-5.0.1.RELEASE.jar:/home/evgeny/.m2/repository/org/springframework/spring-test/5.0.1.RELEASE/spring-test-5.0.1.RELEASE.jar:/home/evgeny/.m2/repository/com/machinepublishers/jbrowserdriver/0.14.7/jbrowserdriver-0.14.7.jar:/home/evgeny/.m2/repository/org/apache/httpcomponents/httpclient-cache/4.5.2/httpclient-cache-4.5.2.jar:/home/evgeny/.m2/repository/org/seleniumhq/selenium/selenium-server/2.53.0/selenium-server-2.53.0.jar:/home/evgeny/.m2/repository/org/zeroturnaround/zt-exec/1.9/zt-exec-1.9.jar:/home/evgeny/.m2/repository/commons-io/commons-io/1.4/commons-io-1.4.jar:/home/evgeny/.m2/repository/org/zeroturnaround/zt-process/1.3/zt-process-1.3.jar:/home/evgeny/.m2/repository/com/sun/jna/jna/3.0.9/jna-3.0.9.jar:/home/evgeny/.m2/repository/io/github/lukehutch/fast-classpath-scanner/1.9.19/fast-classpath-scanner-1.9.19.jar:/home/evgeny/.m2/repository/org/antlr/antlr-complete/3.5.2/antlr-complete-3.5.2.jar:/home/evgeny/.m2/repository/org/antlr/antlr/3.5.2/antlr-3.5.2.jar:/home/evgeny/.m2/repository/org/antlr/ST4/4.0.8/ST4-4.0.8.jar:/home/evgeny/.m2/repository/org/antlr/antlr-runtime/3.5.2/antlr-runtime-3.5.2.jar:/home/evgeny/.m2/repository/org/antlr/gunit/3.5.2/gunit-3.5.2.jar:/home/evgeny/.m2/repository/org/antlr/stringtemplate/3.2.1/stringtemplate-3.2.1.jar:/home/evgeny/.m2/repository/antlr/antlr/2.7.7/antlr-2.7.7.jar:/home/evgeny/.m2/repository/com/google/guava/guava/21.0/guava-21.0.jar:/home/evgeny/.m2/repository/com/fasterxml/jackson/core/jackson-annotations/2.6.6/jackson-annotations-2.6.6.jar:/home/evgeny/.m2/repository/org/codehaus/jackson/jackson-core-asl/1.9.13/jackson-core-asl-1.9.13.jar:/home/evgeny/.m2/repository/org/codehaus/jackson/jackson-mapper-asl/1.9.13/jackson-mapper-asl-1.9.13.jar:/home/evgeny/.m2/repository/com/amazonaws/aws-java-sdk/1.11.125/aws-java-sdk-1.11.125.jar:/home/evgeny/.m2/repository/com/amazonaws/aws-java-sdk-codestar/1.11.125/aws-java-sdk-codestar-1.11.125.jar:/home/evgeny/.m2/repository/com/amazonaws/jmespath-java/1.11.125/jmespath-java-1.11.125.jar:/home/evgeny/.m2/repository/com/amazonaws/aws-java-sdk-lexmodelbuilding/1.11.125/aws-java-sdk-lexmodelbuilding-1.11.125.jar:/home/evgeny/.m2/repository/com/amazonaws/aws-java-sdk-resourcegroupstaggingapi/1.11.125/aws-java-sdk-resourcegroupstaggingapi-1.11.125.jar:/home/evgeny/.m2/repository/com/amazonaws/aws-java-sdk-pinpoint/1.11.125/aws-java-sdk-pinpoint-1.11.125.jar:/home/evgeny/.m2/repository/com/amazonaws/aws-java-sdk-xray/1.11.125/aws-java-sdk-xray-1.11.125.jar:/home/evgeny/.m2/repository/com/amazonaws/aws-java-sdk-opsworkscm/1.11.125/aws-java-sdk-opsworkscm-1.11.125.jar:/home/evgeny/.m2/repository/com/amazonaws/aws-java-sdk-support/1.11.125/aws-java-sdk-support-1.11.125.jar:/home/evgeny/.m2/repository/com/amazonaws/aws-java-sdk-simpledb/1.11.125/aws-java-sdk-simpledb-1.11.125.jar:/home/evgeny/.m2/repository/com/amazonaws/aws-java-sdk-servicecatalog/1.11.125/aws-java-sdk-servicecatalog-1.11.125.jar:/home/evgeny/.m2/repository/com/amazonaws/aws-java-sdk-servermigration/1.11.125/aws-java-sdk-servermigration-1.11.125.jar:/home/evgeny/.m2/repository/com/amazonaws/aws-java-sdk-simpleworkflow/1.11.125/aws-java-sdk-simpleworkflow-1.11.125.jar:/home/evgeny/.m2/repository/com/amazonaws/aws-java-sdk-storagegateway/1.11.125/aws-java-sdk-storagegateway-1.11.125.jar:/home/evgeny/.m2/repository/com/amazonaws/aws-java-sdk-route53/1.11.125/aws-java-sdk-route53-1.11.125.jar:/home/evgeny/.m2/repository/com/amazonaws/aws-java-sdk-s3/1.11.125/aws-java-sdk-s3-1.11.125.jar:/home/evgeny/.m2/repository/com/amazonaws/aws-java-sdk-importexport/1.11.125/aws-java-sdk-importexport-1.11.125.jar:/home/evgeny/.m2/repository/com/amazonaws/aws-java-sdk-sts/1.11.125/aws-java-sdk-sts-1.11.125.jar:/home/evgeny/.m2/repository/com/amazonaws/aws-java-sdk-sqs/1.11.125/aws-java-sdk-sqs-1.11.125.jar:/home/evgeny/.m2/repository/com/amazonaws/aws-java-sdk-rds/1.11.125/aws-java-sdk-rds-1.11.125.jar:/home/evgeny/.m2/repository/com/amazonaws/aws-java-sdk-redshift/1.11.125/aws-java-sdk-redshift-1.11.125.jar:/home/evgeny/.m2/repository/com/amazonaws/aws-java-sdk-elasticbeanstalk/1.11.125/aws-java-sdk-elasticbeanstalk-1.11.125.jar:/home/evgeny/.m2/repository/com/amazonaws/aws-java-sdk-glacier/1.11.125/aws-java-sdk-glacier-1.11.125.jar:/home/evgeny/.m2/repository/com/amazonaws/aws-java-sdk-iam/1.11.125/aws-java-sdk-iam-1.11.125.jar:/home/evgeny/.m2/repository/com/amazonaws/aws-java-sdk-datapipeline/1.11.125/aws-java-sdk-datapipeline-1.11.125.jar:/home/evgeny/.m2/repository/com/amazonaws/aws-java-sdk-elasticloadbalancing/1.11.125/aws-java-sdk-elasticloadbalancing-1.11.125.jar:/home/evgeny/.m2/repository/com/amazonaws/aws-java-sdk-elasticloadbalancingv2/1.11.125/aws-java-sdk-elasticloadbalancingv2-1.11.125.jar:/home/evgeny/.m2/repository/com/amazonaws/aws-java-sdk-emr/1.11.125/aws-java-sdk-emr-1.11.125.jar:/home/evgeny/.m2/repository/com/amazonaws/aws-java-sdk-elasticache/1.11.125/aws-java-sdk-elasticache-1.11.125.jar:/home/evgeny/.m2/repository/com/amazonaws/aws-java-sdk-elastictranscoder/1.11.125/aws-java-sdk-elastictranscoder-1.11.125.jar:/home/evgeny/.m2/repository/com/amazonaws/aws-java-sdk-ec2/1.11.125/aws-java-sdk-ec2-1.11.125.jar:/home/evgeny/.m2/repository/com/amazonaws/aws-java-sdk-dynamodb/1.11.125/aws-java-sdk-dynamodb-1.11.125.jar:/home/evgeny/.m2/repository/com/amazonaws/aws-java-sdk-sns/1.11.125/aws-java-sdk-sns-1.11.125.jar:/home/evgeny/.m2/repository/com/amazonaws/aws-java-sdk-budgets/1.11.125/aws-java-sdk-budgets-1.11.125.jar:/home/evgeny/.m2/repository/com/amazonaws/aws-java-sdk-cloudtrail/1.11.125/aws-java-sdk-cloudtrail-1.11.125.jar:/home/evgeny/.m2/repository/com/amazonaws/aws-java-sdk-cloudwatch/1.11.125/aws-java-sdk-cloudwatch-1.11.125.jar:/home/evgeny/.m2/repository/com/amazonaws/aws-java-sdk-logs/1.11.125/aws-java-sdk-logs-1.11.125.jar:/home/evgeny/.m2/repository/com/amazonaws/aws-java-sdk-events/1.11.125/aws-java-sdk-events-1.11.125.jar:/home/evgeny/.m2/repository/com/amazonaws/aws-java-sdk-cognitoidentity/1.11.125/aws-java-sdk-cognitoidentity-1.11.125.jar:/home/evgeny/.m2/repository/com/amazonaws/aws-java-sdk-cognitosync/1.11.125/aws-java-sdk-cognitosync-1.11.125.jar:/home/evgeny/.m2/repository/com/amazonaws/aws-java-sdk-directconnect/1.11.125/aws-java-sdk-directconnect-1.11.125.jar:/home/evgeny/.m2/repository/com/amazonaws/aws-java-sdk-cloudformation/1.11.125/aws-java-sdk-cloudformation-1.11.125.jar:/home/evgeny/.m2/repository/com/amazonaws/aws-java-sdk-cloudfront/1.11.125/aws-java-sdk-cloudfront-1.11.125.jar:/home/evgeny/.m2/repository/com/amazonaws/aws-java-sdk-clouddirectory/1.11.125/aws-java-sdk-clouddirectory-1.11.125.jar:/home/evgeny/.m2/repository/com/amazonaws/aws-java-sdk-kinesis/1.11.125/aws-java-sdk-kinesis-1.11.125.jar:/home/evgeny/.m2/repository/com/amazonaws/aws-java-sdk-opsworks/1.11.125/aws-java-sdk-opsworks-1.11.125.jar:/home/evgeny/.m2/repository/com/amazonaws/aws-java-sdk-ses/1.11.125/aws-java-sdk-ses-1.11.125.jar:/home/evgeny/.m2/repository/com/amazonaws/aws-java-sdk-autoscaling/1.11.125/aws-java-sdk-autoscaling-1.11.125.jar:/home/evgeny/.m2/repository/com/amazonaws/aws-java-sdk-cloudsearch/1.11.125/aws-java-sdk-cloudsearch-1.11.125.jar:/home/evgeny/.m2/repository/com/amazonaws/aws-java-sdk-cloudwatchmetrics/1.11.125/aws-java-sdk-cloudwatchmetrics-1.11.125.jar:/home/evgeny/.m2/repository/com/amazonaws/aws-java-sdk-codedeploy/1.11.125/aws-java-sdk-codedeploy-1.11.125.jar:/home/evgeny/.m2/repository/com/amazonaws/aws-java-sdk-codepipeline/1.11.125/aws-java-sdk-codepipeline-1.11.125.jar:/home/evgeny/.m2/repository/com/amazonaws/aws-java-sdk-kms/1.11.125/aws-java-sdk-kms-1.11.125.jar:/home/evgeny/.m2/repository/com/amazonaws/aws-java-sdk-config/1.11.125/aws-java-sdk-config-1.11.125.jar:/home/evgeny/.m2/repository/com/amazonaws/aws-java-sdk-lambda/1.11.125/aws-java-sdk-lambda-1.11.125.jar:/home/evgeny/.m2/repository/com/amazonaws/aws-java-sdk-ecs/1.11.125/aws-java-sdk-ecs-1.11.125.jar:/home/evgeny/.m2/repository/com/amazonaws/aws-java-sdk-ecr/1.11.125/aws-java-sdk-ecr-1.11.125.jar:/home/evgeny/.m2/repository/com/amazonaws/aws-java-sdk-cloudhsm/1.11.125/aws-java-sdk-cloudhsm-1.11.125.jar:/home/evgeny/.m2/repository/com/amazonaws/aws-java-sdk-ssm/1.11.125/aws-java-sdk-ssm-1.11.125.jar:/home/evgeny/.m2/repository/com/amazonaws/aws-java-sdk-workspaces/1.11.125/aws-java-sdk-workspaces-1.11.125.jar:/home/evgeny/.m2/repository/com/amazonaws/aws-java-sdk-machinelearning/1.11.125/aws-java-sdk-machinelearning-1.11.125.jar:/home/evgeny/.m2/repository/com/amazonaws/aws-java-sdk-directory/1.11.125/aws-java-sdk-directory-1.11.125.jar:/home/evgeny/.m2/repository/com/amazonaws/aws-java-sdk-efs/1.11.125/aws-java-sdk-efs-1.11.125.jar:/home/evgeny/.m2/repository/com/amazonaws/aws-java-sdk-codecommit/1.11.125/aws-java-sdk-codecommit-1.11.125.jar:/home/evgeny/.m2/repository/com/amazonaws/aws-java-sdk-devicefarm/1.11.125/aws-java-sdk-devicefarm-1.11.125.jar:/home/evgeny/.m2/repository/com/amazonaws/aws-java-sdk-elasticsearch/1.11.125/aws-java-sdk-elasticsearch-1.11.125.jar:/home/evgeny/.m2/repository/com/amazonaws/aws-java-sdk-waf/1.11.125/aws-java-sdk-waf-1.11.125.jar:/home/evgeny/.m2/repository/com/amazonaws/aws-java-sdk-marketplacecommerceanalytics/1.11.125/aws-java-sdk-marketplacecommerceanalytics-1.11.125.jar:/home/evgeny/.m2/repository/com/amazonaws/aws-java-sdk-inspector/1.11.125/aws-java-sdk-inspector-1.11.125.jar:/home/evgeny/.m2/repository/com/amazonaws/aws-java-sdk-iot/1.11.125/aws-java-sdk-iot-1.11.125.jar:/home/evgeny/.m2/repository/com/amazonaws/aws-java-sdk-api-gateway/1.11.125/aws-java-sdk-api-gateway-1.11.125.jar:/home/evgeny/.m2/repository/com/amazonaws/aws-java-sdk-acm/1.11.125/aws-java-sdk-acm-1.11.125.jar:/home/evgeny/.m2/repository/com/amazonaws/aws-java-sdk-gamelift/1.11.125/aws-java-sdk-gamelift-1.11.125.jar:/home/evgeny/.m2/repository/com/amazonaws/aws-java-sdk-dms/1.11.125/aws-java-sdk-dms-1.11.125.jar:/home/evgeny/.m2/repository/com/amazonaws/aws-java-sdk-marketplacemeteringservice/1.11.125/aws-java-sdk-marketplacemeteringservice-1.11.125.jar:/home/evgeny/.m2/repository/com/amazonaws/aws-java-sdk-cognitoidp/1.11.125/aws-java-sdk-cognitoidp-1.11.125.jar:/home/evgeny/.m2/repository/com/amazonaws/aws-java-sdk-discovery/1.11.125/aws-java-sdk-discovery-1.11.125.jar:/home/evgeny/.m2/repository/com/amazonaws/aws-java-sdk-applicationautoscaling/1.11.125/aws-java-sdk-applicationautoscaling-1.11.125.jar:/home/evgeny/.m2/repository/com/amazonaws/aws-java-sdk-snowball/1.11.125/aws-java-sdk-snowball-1.11.125.jar:/home/evgeny/.m2/repository/com/amazonaws/aws-java-sdk-rekognition/1.11.125/aws-java-sdk-rekognition-1.11.125.jar:/home/evgeny/.m2/repository/com/amazonaws/aws-java-sdk-polly/1.11.125/aws-java-sdk-polly-1.11.125.jar:/home/evgeny/.m2/repository/com/amazonaws/aws-java-sdk-lightsail/1.11.125/aws-java-sdk-lightsail-1.11.125.jar:/home/evgeny/.m2/repository/com/amazonaws/aws-java-sdk-stepfunctions/1.11.125/aws-java-sdk-stepfunctions-1.11.125.jar:/home/evgeny/.m2/repository/com/amazonaws/aws-java-sdk-health/1.11.125/aws-java-sdk-health-1.11.125.jar:/home/evgeny/.m2/repository/com/amazonaws/aws-java-sdk-costandusagereport/1.11.125/aws-java-sdk-costandusagereport-1.11.125.jar:/home/evgeny/.m2/repository/com/amazonaws/aws-java-sdk-codebuild/1.11.125/aws-java-sdk-codebuild-1.11.125.jar:/home/evgeny/.m2/repository/com/amazonaws/aws-java-sdk-appstream/1.11.125/aws-java-sdk-appstream-1.11.125.jar:/home/evgeny/.m2/repository/com/amazonaws/aws-java-sdk-shield/1.11.125/aws-java-sdk-shield-1.11.125.jar:/home/evgeny/.m2/repository/com/amazonaws/aws-java-sdk-batch/1.11.125/aws-java-sdk-batch-1.11.125.jar:/home/evgeny/.m2/repository/com/amazonaws/aws-java-sdk-lex/1.11.125/aws-java-sdk-lex-1.11.125.jar:/home/evgeny/.m2/repository/com/amazonaws/aws-java-sdk-mechanicalturkrequester/1.11.125/aws-java-sdk-mechanicalturkrequester-1.11.125.jar:/home/evgeny/.m2/repository/com/amazonaws/aws-java-sdk-organizations/1.11.125/aws-java-sdk-organizations-1.11.125.jar:/home/evgeny/.m2/repository/com/amazonaws/aws-java-sdk-workdocs/1.11.125/aws-java-sdk-workdocs-1.11.125.jar:/home/evgeny/.m2/repository/com/amazonaws/aws-java-sdk-core/1.11.125/aws-java-sdk-core-1.11.125.jar:/home/evgeny/.m2/repository/software/amazon/ion/ion-java/1.0.2/ion-java-1.0.2.jar:/home/evgeny/.m2/repository/com/fasterxml/jackson/core/jackson-databind/2.6.6/jackson-databind-2.6.6.jar:/home/evgeny/.m2/repository/com/fasterxml/jackson/core/jackson-core/2.6.6/jackson-core-2.6.6.jar:/home/evgeny/.m2/repository/com/fasterxml/jackson/dataformat/jackson-dataformat-cbor/2.6.6/jackson-dataformat-cbor-2.6.6.jar:/home/evgeny/.m2/repository/joda-time/joda-time/2.8.1/joda-time-2.8.1.jar:/home/evgeny/.m2/repository/com/amazonaws/aws-java-sdk-models/1.11.125/aws-java-sdk-models-1.11.125.jar:/home/evgeny/.m2/repository/com/amazonaws/aws-java-sdk-swf-libraries/1.11.22/aws-java-sdk-swf-libraries-1.11.22.jar:"/>
    <property name="java.vm.vendor" value="Oracle Corporation"/>
    <property name="sun.arch.data.model" value="64"/>
    <property name="java.vendor.url" value="http://java.oracle.com/"/>
    <property name="user.timezone" value=""/>
    <property name="java.vm.specification.version" value="1.8"/>
    <property name="os.name" value="Linux"/>
    <property name="user.country" value="US"/>
    <property name="sun.java.launcher" value="SUN_STANDARD"/>
    <property name="sun.boot.library.path" value="/usr/lib/jvm/java-8-oracle/jre/lib/amd64"/>
    <property name="sun.java.command" value="/media/evgeny/Data/ControlUpTestTask/target/surefire/surefirebooter5198143204918989849.jar /media/evgeny/Data/ControlUpTestTask/target/surefire 2019-01-16T17-20-49_186-jvmRun1 surefire3315209338244447371tmp surefire_0776082462639494687tmp"/>
    <property name="surefire.test.class.path" value="/media/evgeny/Data/ControlUpTestTask/target/test-classes:/media/evgeny/Data/ControlUpTestTask/target/classes:/home/evgeny/.m2/repository/org/sikuli/sikuli-api/1.2.0/sikuli-api-1.2.0.jar:/home/evgeny/.m2/repository/org/sikuli/sikuli-core/1.2.2/sikuli-core-1.2.2.jar:/home/evgeny/.m2/repository/org/bytedeco/javacpp/0.9/javacpp-0.9.jar:/home/evgeny/.m2/repository/org/bytedeco/javacpp-presets/opencv/2.4.9-0.9/opencv-2.4.9-0.9.jar:/home/evgeny/.m2/repository/org/piccolo2d/piccolo2d-extras/1.3.1/piccolo2d-extras-1.3.1.jar:/home/evgeny/.m2/repository/org/piccolo2d/piccolo2d-core/1.3.1/piccolo2d-core-1.3.1.jar:/home/evgeny/.m2/repository/org/slf4j/slf4j-api/1.6.6/slf4j-api-1.6.6.jar:/home/evgeny/.m2/repository/junit/junit/4.12/junit-4.12.jar:/home/evgeny/.m2/repository/org/hamcrest/hamcrest-core/1.3/hamcrest-core-1.3.jar:/home/evgeny/.m2/repository/org/apache/commons/commons-csv/1.5/commons-csv-1.5.jar:/home/evgeny/.m2/repository/org/seleniumhq/selenium/selenium-chrome-driver/3.2.0/selenium-chrome-driver-3.2.0.jar:/home/evgeny/.m2/repository/org/apache/commons/commons-lang3/3.5/commons-lang3-3.5.jar:/home/evgeny/.m2/repository/org/seleniumhq/selenium/selenium-support/3.2.0/selenium-support-3.2.0.jar:/home/evgeny/.m2/repository/org/hamcrest/hamcrest-library/1.3/hamcrest-library-1.3.jar:/home/evgeny/.m2/repository/org/seleniumhq/selenium/selenium-java/3.2.0/selenium-java-3.2.0.jar:/home/evgeny/.m2/repository/org/seleniumhq/selenium/selenium-edge-driver/3.2.0/selenium-edge-driver-3.2.0.jar:/home/evgeny/.m2/repository/org/seleniumhq/selenium/selenium-firefox-driver/3.2.0/selenium-firefox-driver-3.2.0.jar:/home/evgeny/.m2/repository/org/seleniumhq/selenium/selenium-ie-driver/3.2.0/selenium-ie-driver-3.2.0.jar:/home/evgeny/.m2/repository/org/seleniumhq/selenium/selenium-opera-driver/3.2.0/selenium-opera-driver-3.2.0.jar:/home/evgeny/.m2/repository/org/seleniumhq/selenium/selenium-safari-driver/3.2.0/selenium-safari-driver-3.2.0.jar:/home/evgeny/.m2/repository/com/codeborne/phantomjsdriver/1.4.0/phantomjsdriver-1.4.0.jar:/home/evgeny/.m2/repository/org/seleniumhq/selenium/htmlunit-driver/2.24/htmlunit-driver-2.24.jar:/home/evgeny/.m2/repository/net/sourceforge/htmlunit/htmlunit/2.24/htmlunit-2.24.jar:/home/evgeny/.m2/repository/xalan/xalan/2.7.2/xalan-2.7.2.jar:/home/evgeny/.m2/repository/xalan/serializer/2.7.2/serializer-2.7.2.jar:/home/evgeny/.m2/repository/org/apache/httpcomponents/httpmime/4.5.2/httpmime-4.5.2.jar:/home/evgeny/.m2/repository/net/sourceforge/htmlunit/htmlunit-core-js/2.23/htmlunit-core-js-2.23.jar:/home/evgeny/.m2/repository/net/sourceforge/htmlunit/neko-htmlunit/2.24/neko-htmlunit-2.24.jar:/home/evgeny/.m2/repository/xerces/xercesImpl/2.11.0/xercesImpl-2.11.0.jar:/home/evgeny/.m2/repository/xml-apis/xml-apis/1.4.01/xml-apis-1.4.01.jar:/home/evgeny/.m2/repository/net/sourceforge/cssparser/cssparser/0.9.21/cssparser-0.9.21.jar:/home/evgeny/.m2/repository/org/w3c/css/sac/1.3/sac-1.3.jar:/home/evgeny/.m2/repository/org/eclipse/jetty/websocket/websocket-client/9.2.20.v20161216/websocket-client-9.2.20.v20161216.jar:/home/evgeny/.m2/repository/org/eclipse/jetty/jetty-util/9.2.20.v20161216/jetty-util-9.2.20.v20161216.jar:/home/evgeny/.m2/repository/org/eclipse/jetty/jetty-io/9.2.20.v20161216/jetty-io-9.2.20.v20161216.jar:/home/evgeny/.m2/repository/org/eclipse/jetty/websocket/websocket-common/9.2.20.v20161216/websocket-common-9.2.20.v20161216.jar:/home/evgeny/.m2/repository/org/eclipse/jetty/websocket/websocket-api/9.2.20.v20161216/websocket-api-9.2.20.v20161216.jar:/home/evgeny/.m2/repository/org/seleniumhq/selenium/selenium-remote-driver/3.2.0/selenium-remote-driver-3.2.0.jar:/home/evgeny/.m2/repository/org/seleniumhq/selenium/selenium-api/3.2.0/selenium-api-3.2.0.jar:/home/evgeny/.m2/repository/cglib/cglib-nodep/3.2.4/cglib-nodep-3.2.4.jar:/home/evgeny/.m2/repository/org/apache/commons/commons-exec/1.3/commons-exec-1.3.jar:/home/evgeny/.m2/repository/com/google/code/gson/gson/2.3.1/gson-2.3.1.jar:/home/evgeny/.m2/repository/org/apache/httpcomponents/httpclient/4.5.2/httpclient-4.5.2.jar:/home/evgeny/.m2/repository/org/apache/httpcomponents/httpcore/4.4.4/httpcore-4.4.4.jar:/home/evgeny/.m2/repository/commons-codec/commons-codec/1.9/commons-codec-1.9.jar:/home/evgeny/.m2/repository/net/java/dev/jna/jna-platform/4.1.0/jna-platform-4.1.0.jar:/home/evgeny/.m2/repository/net/java/dev/jna/jna/4.1.0/jna-4.1.0.jar:/home/evgeny/.m2/repository/info/cukes/cucumber-core/1.2.5/cucumber-core-1.2.5.jar:/home/evgeny/.m2/repository/info/cukes/cucumber-html/0.2.3/cucumber-html-0.2.3.jar:/home/evgeny/.m2/repository/info/cukes/cucumber-jvm-deps/1.0.5/cucumber-jvm-deps-1.0.5.jar:/home/evgeny/.m2/repository/info/cukes/gherkin/2.12.2/gherkin-2.12.2.jar:/home/evgeny/.m2/repository/info/cukes/cucumber-spring/1.2.5/cucumber-spring-1.2.5.jar:/home/evgeny/.m2/repository/info/cukes/cucumber-java/1.2.5/cucumber-java-1.2.5.jar:/home/evgeny/.m2/repository/info/cukes/cucumber-junit/1.2.5/cucumber-junit-1.2.5.jar:/home/evgeny/.m2/repository/org/apache/commons/commons-collections4/4.0/commons-collections4-4.0.jar:/home/evgeny/.m2/repository/commons-configuration/commons-configuration/1.6/commons-configuration-1.6.jar:/home/evgeny/.m2/repository/commons-collections/commons-collections/3.2.1/commons-collections-3.2.1.jar:/home/evgeny/.m2/repository/commons-lang/commons-lang/2.4/commons-lang-2.4.jar:/home/evgeny/.m2/repository/commons-logging/commons-logging/1.1.1/commons-logging-1.1.1.jar:/home/evgeny/.m2/repository/commons-digester/commons-digester/1.8/commons-digester-1.8.jar:/home/evgeny/.m2/repository/commons-beanutils/commons-beanutils/1.7.0/commons-beanutils-1.7.0.jar:/home/evgeny/.m2/repository/commons-beanutils/commons-beanutils-core/1.8.0/commons-beanutils-core-1.8.0.jar:/home/evgeny/.m2/repository/org/springframework/spring-beans/5.0.1.RELEASE/spring-beans-5.0.1.RELEASE.jar:/home/evgeny/.m2/repository/org/springframework/spring-context/5.0.1.RELEASE/spring-context-5.0.1.RELEASE.jar:/home/evgeny/.m2/repository/org/springframework/spring-aop/5.0.1.RELEASE/spring-aop-5.0.1.RELEASE.jar:/home/evgeny/.m2/repository/org/springframework/spring-expression/5.0.1.RELEASE/spring-expression-5.0.1.RELEASE.jar:/home/evgeny/.m2/repository/org/springframework/spring-context-support/5.0.1.RELEASE/spring-context-support-5.0.1.RELEASE.jar:/home/evgeny/.m2/repository/org/springframework/spring-core/5.0.1.RELEASE/spring-core-5.0.1.RELEASE.jar:/home/evgeny/.m2/repository/org/springframework/spring-jcl/5.0.1.RELEASE/spring-jcl-5.0.1.RELEASE.jar:/home/evgeny/.m2/repository/org/springframework/spring-jdbc/5.0.1.RELEASE/spring-jdbc-5.0.1.RELEASE.jar:/home/evgeny/.m2/repository/org/springframework/spring-tx/5.0.1.RELEASE/spring-tx-5.0.1.RELEASE.jar:/home/evgeny/.m2/repository/org/springframework/spring-orm/5.0.1.RELEASE/spring-orm-5.0.1.RELEASE.jar:/home/evgeny/.m2/repository/org/springframework/spring-test/5.0.1.RELEASE/spring-test-5.0.1.RELEASE.jar:/home/evgeny/.m2/repository/com/machinepublishers/jbrowserdriver/0.14.7/jbrowserdriver-0.14.7.jar:/home/evgeny/.m2/repository/org/apache/httpcomponents/httpclient-cache/4.5.2/httpclient-cache-4.5.2.jar:/home/evgeny/.m2/repository/org/seleniumhq/selenium/selenium-server/2.53.0/selenium-server-2.53.0.jar:/home/evgeny/.m2/repository/org/zeroturnaround/zt-exec/1.9/zt-exec-1.9.jar:/home/evgeny/.m2/repository/commons-io/commons-io/1.4/commons-io-1.4.jar:/home/evgeny/.m2/repository/org/zeroturnaround/zt-process/1.3/zt-process-1.3.jar:/home/evgeny/.m2/repository/com/sun/jna/jna/3.0.9/jna-3.0.9.jar:/home/evgeny/.m2/repository/io/github/lukehutch/fast-classpath-scanner/1.9.19/fast-classpath-scanner-1.9.19.jar:/home/evgeny/.m2/repository/org/antlr/antlr-complete/3.5.2/antlr-complete-3.5.2.jar:/home/evgeny/.m2/repository/org/antlr/antlr/3.5.2/antlr-3.5.2.jar:/home/evgeny/.m2/repository/org/antlr/ST4/4.0.8/ST4-4.0.8.jar:/home/evgeny/.m2/repository/org/antlr/antlr-runtime/3.5.2/antlr-runtime-3.5.2.jar:/home/evgeny/.m2/repository/org/antlr/gunit/3.5.2/gunit-3.5.2.jar:/home/evgeny/.m2/repository/org/antlr/stringtemplate/3.2.1/stringtemplate-3.2.1.jar:/home/evgeny/.m2/repository/antlr/antlr/2.7.7/antlr-2.7.7.jar:/home/evgeny/.m2/repository/com/google/guava/guava/21.0/guava-21.0.jar:/home/evgeny/.m2/repository/com/fasterxml/jackson/core/jackson-annotations/2.6.6/jackson-annotations-2.6.6.jar:/home/evgeny/.m2/repository/org/codehaus/jackson/jackson-core-asl/1.9.13/jackson-core-asl-1.9.13.jar:/home/evgeny/.m2/repository/org/codehaus/jackson/jackson-mapper-asl/1.9.13/jackson-mapper-asl-1.9.13.jar:/home/evgeny/.m2/repository/com/amazonaws/aws-java-sdk/1.11.125/aws-java-sdk-1.11.125.jar:/home/evgeny/.m2/repository/com/amazonaws/aws-java-sdk-codestar/1.11.125/aws-java-sdk-codestar-1.11.125.jar:/home/evgeny/.m2/repository/com/amazonaws/jmespath-java/1.11.125/jmespath-java-1.11.125.jar:/home/evgeny/.m2/repository/com/amazonaws/aws-java-sdk-lexmodelbuilding/1.11.125/aws-java-sdk-lexmodelbuilding-1.11.125.jar:/home/evgeny/.m2/repository/com/amazonaws/aws-java-sdk-resourcegroupstaggingapi/1.11.125/aws-java-sdk-resourcegroupstaggingapi-1.11.125.jar:/home/evgeny/.m2/repository/com/amazonaws/aws-java-sdk-pinpoint/1.11.125/aws-java-sdk-pinpoint-1.11.125.jar:/home/evgeny/.m2/repository/com/amazonaws/aws-java-sdk-xray/1.11.125/aws-java-sdk-xray-1.11.125.jar:/home/evgeny/.m2/repository/com/amazonaws/aws-java-sdk-opsworkscm/1.11.125/aws-java-sdk-opsworkscm-1.11.125.jar:/home/evgeny/.m2/repository/com/amazonaws/aws-java-sdk-support/1.11.125/aws-java-sdk-support-1.11.125.jar:/home/evgeny/.m2/repository/com/amazonaws/aws-java-sdk-simpledb/1.11.125/aws-java-sdk-simpledb-1.11.125.jar:/home/evgeny/.m2/repository/com/amazonaws/aws-java-sdk-servicecatalog/1.11.125/aws-java-sdk-servicecatalog-1.11.125.jar:/home/evgeny/.m2/repository/com/amazonaws/aws-java-sdk-servermigration/1.11.125/aws-java-sdk-servermigration-1.11.125.jar:/home/evgeny/.m2/repository/com/amazonaws/aws-java-sdk-simpleworkflow/1.11.125/aws-java-sdk-simpleworkflow-1.11.125.jar:/home/evgeny/.m2/repository/com/amazonaws/aws-java-sdk-storagegateway/1.11.125/aws-java-sdk-storagegateway-1.11.125.jar:/home/evgeny/.m2/repository/com/amazonaws/aws-java-sdk-route53/1.11.125/aws-java-sdk-route53-1.11.125.jar:/home/evgeny/.m2/repository/com/amazonaws/aws-java-sdk-s3/1.11.125/aws-java-sdk-s3-1.11.125.jar:/home/evgeny/.m2/repository/com/amazonaws/aws-java-sdk-importexport/1.11.125/aws-java-sdk-importexport-1.11.125.jar:/home/evgeny/.m2/repository/com/amazonaws/aws-java-sdk-sts/1.11.125/aws-java-sdk-sts-1.11.125.jar:/home/evgeny/.m2/repository/com/amazonaws/aws-java-sdk-sqs/1.11.125/aws-java-sdk-sqs-1.11.125.jar:/home/evgeny/.m2/repository/com/amazonaws/aws-java-sdk-rds/1.11.125/aws-java-sdk-rds-1.11.125.jar:/home/evgeny/.m2/repository/com/amazonaws/aws-java-sdk-redshift/1.11.125/aws-java-sdk-redshift-1.11.125.jar:/home/evgeny/.m2/repository/com/amazonaws/aws-java-sdk-elasticbeanstalk/1.11.125/aws-java-sdk-elasticbeanstalk-1.11.125.jar:/home/evgeny/.m2/repository/com/amazonaws/aws-java-sdk-glacier/1.11.125/aws-java-sdk-glacier-1.11.125.jar:/home/evgeny/.m2/repository/com/amazonaws/aws-java-sdk-iam/1.11.125/aws-java-sdk-iam-1.11.125.jar:/home/evgeny/.m2/repository/com/amazonaws/aws-java-sdk-datapipeline/1.11.125/aws-java-sdk-datapipeline-1.11.125.jar:/home/evgeny/.m2/repository/com/amazonaws/aws-java-sdk-elasticloadbalancing/1.11.125/aws-java-sdk-elasticloadbalancing-1.11.125.jar:/home/evgeny/.m2/repository/com/amazonaws/aws-java-sdk-elasticloadbalancingv2/1.11.125/aws-java-sdk-elasticloadbalancingv2-1.11.125.jar:/home/evgeny/.m2/repository/com/amazonaws/aws-java-sdk-emr/1.11.125/aws-java-sdk-emr-1.11.125.jar:/home/evgeny/.m2/repository/com/amazonaws/aws-java-sdk-elasticache/1.11.125/aws-java-sdk-elasticache-1.11.125.jar:/home/evgeny/.m2/repository/com/amazonaws/aws-java-sdk-elastictranscoder/1.11.125/aws-java-sdk-elastictranscoder-1.11.125.jar:/home/evgeny/.m2/repository/com/amazonaws/aws-java-sdk-ec2/1.11.125/aws-java-sdk-ec2-1.11.125.jar:/home/evgeny/.m2/repository/com/amazonaws/aws-java-sdk-dynamodb/1.11.125/aws-java-sdk-dynamodb-1.11.125.jar:/home/evgeny/.m2/repository/com/amazonaws/aws-java-sdk-sns/1.11.125/aws-java-sdk-sns-1.11.125.jar:/home/evgeny/.m2/repository/com/amazonaws/aws-java-sdk-budgets/1.11.125/aws-java-sdk-budgets-1.11.125.jar:/home/evgeny/.m2/repository/com/amazonaws/aws-java-sdk-cloudtrail/1.11.125/aws-java-sdk-cloudtrail-1.11.125.jar:/home/evgeny/.m2/repository/com/amazonaws/aws-java-sdk-cloudwatch/1.11.125/aws-java-sdk-cloudwatch-1.11.125.jar:/home/evgeny/.m2/repository/com/amazonaws/aws-java-sdk-logs/1.11.125/aws-java-sdk-logs-1.11.125.jar:/home/evgeny/.m2/repository/com/amazonaws/aws-java-sdk-events/1.11.125/aws-java-sdk-events-1.11.125.jar:/home/evgeny/.m2/repository/com/amazonaws/aws-java-sdk-cognitoidentity/1.11.125/aws-java-sdk-cognitoidentity-1.11.125.jar:/home/evgeny/.m2/repository/com/amazonaws/aws-java-sdk-cognitosync/1.11.125/aws-java-sdk-cognitosync-1.11.125.jar:/home/evgeny/.m2/repository/com/amazonaws/aws-java-sdk-directconnect/1.11.125/aws-java-sdk-directconnect-1.11.125.jar:/home/evgeny/.m2/repository/com/amazonaws/aws-java-sdk-cloudformation/1.11.125/aws-java-sdk-cloudformation-1.11.125.jar:/home/evgeny/.m2/repository/com/amazonaws/aws-java-sdk-cloudfront/1.11.125/aws-java-sdk-cloudfront-1.11.125.jar:/home/evgeny/.m2/repository/com/amazonaws/aws-java-sdk-clouddirectory/1.11.125/aws-java-sdk-clouddirectory-1.11.125.jar:/home/evgeny/.m2/repository/com/amazonaws/aws-java-sdk-kinesis/1.11.125/aws-java-sdk-kinesis-1.11.125.jar:/home/evgeny/.m2/repository/com/amazonaws/aws-java-sdk-opsworks/1.11.125/aws-java-sdk-opsworks-1.11.125.jar:/home/evgeny/.m2/repository/com/amazonaws/aws-java-sdk-ses/1.11.125/aws-java-sdk-ses-1.11.125.jar:/home/evgeny/.m2/repository/com/amazonaws/aws-java-sdk-autoscaling/1.11.125/aws-java-sdk-autoscaling-1.11.125.jar:/home/evgeny/.m2/repository/com/amazonaws/aws-java-sdk-cloudsearch/1.11.125/aws-java-sdk-cloudsearch-1.11.125.jar:/home/evgeny/.m2/repository/com/amazonaws/aws-java-sdk-cloudwatchmetrics/1.11.125/aws-java-sdk-cloudwatchmetrics-1.11.125.jar:/home/evgeny/.m2/repository/com/amazonaws/aws-java-sdk-codedeploy/1.11.125/aws-java-sdk-codedeploy-1.11.125.jar:/home/evgeny/.m2/repository/com/amazonaws/aws-java-sdk-codepipeline/1.11.125/aws-java-sdk-codepipeline-1.11.125.jar:/home/evgeny/.m2/repository/com/amazonaws/aws-java-sdk-kms/1.11.125/aws-java-sdk-kms-1.11.125.jar:/home/evgeny/.m2/repository/com/amazonaws/aws-java-sdk-config/1.11.125/aws-java-sdk-config-1.11.125.jar:/home/evgeny/.m2/repository/com/amazonaws/aws-java-sdk-lambda/1.11.125/aws-java-sdk-lambda-1.11.125.jar:/home/evgeny/.m2/repository/com/amazonaws/aws-java-sdk-ecs/1.11.125/aws-java-sdk-ecs-1.11.125.jar:/home/evgeny/.m2/repository/com/amazonaws/aws-java-sdk-ecr/1.11.125/aws-java-sdk-ecr-1.11.125.jar:/home/evgeny/.m2/repository/com/amazonaws/aws-java-sdk-cloudhsm/1.11.125/aws-java-sdk-cloudhsm-1.11.125.jar:/home/evgeny/.m2/repository/com/amazonaws/aws-java-sdk-ssm/1.11.125/aws-java-sdk-ssm-1.11.125.jar:/home/evgeny/.m2/repository/com/amazonaws/aws-java-sdk-workspaces/1.11.125/aws-java-sdk-workspaces-1.11.125.jar:/home/evgeny/.m2/repository/com/amazonaws/aws-java-sdk-machinelearning/1.11.125/aws-java-sdk-machinelearning-1.11.125.jar:/home/evgeny/.m2/repository/com/amazonaws/aws-java-sdk-directory/1.11.125/aws-java-sdk-directory-1.11.125.jar:/home/evgeny/.m2/repository/com/amazonaws/aws-java-sdk-efs/1.11.125/aws-java-sdk-efs-1.11.125.jar:/home/evgeny/.m2/repository/com/amazonaws/aws-java-sdk-codecommit/1.11.125/aws-java-sdk-codecommit-1.11.125.jar:/home/evgeny/.m2/repository/com/amazonaws/aws-java-sdk-devicefarm/1.11.125/aws-java-sdk-devicefarm-1.11.125.jar:/home/evgeny/.m2/repository/com/amazonaws/aws-java-sdk-elasticsearch/1.11.125/aws-java-sdk-elasticsearch-1.11.125.jar:/home/evgeny/.m2/repository/com/amazonaws/aws-java-sdk-waf/1.11.125/aws-java-sdk-waf-1.11.125.jar:/home/evgeny/.m2/repository/com/amazonaws/aws-java-sdk-marketplacecommerceanalytics/1.11.125/aws-java-sdk-marketplacecommerceanalytics-1.11.125.jar:/home/evgeny/.m2/repository/com/amazonaws/aws-java-sdk-inspector/1.11.125/aws-java-sdk-inspector-1.11.125.jar:/home/evgeny/.m2/repository/com/amazonaws/aws-java-sdk-iot/1.11.125/aws-java-sdk-iot-1.11.125.jar:/home/evgeny/.m2/repository/com/amazonaws/aws-java-sdk-api-gateway/1.11.125/aws-java-sdk-api-gateway-1.11.125.jar:/home/evgeny/.m2/repository/com/amazonaws/aws-java-sdk-acm/1.11.125/aws-java-sdk-acm-1.11.125.jar:/home/evgeny/.m2/repository/com/amazonaws/aws-java-sdk-gamelift/1.11.125/aws-java-sdk-gamelift-1.11.125.jar:/home/evgeny/.m2/repository/com/amazonaws/aws-java-sdk-dms/1.11.125/aws-java-sdk-dms-1.11.125.jar:/home/evgeny/.m2/repository/com/amazonaws/aws-java-sdk-marketplacemeteringservice/1.11.125/aws-java-sdk-marketplacemeteringservice-1.11.125.jar:/home/evgeny/.m2/repository/com/amazonaws/aws-java-sdk-cognitoidp/1.11.125/aws-java-sdk-cognitoidp-1.11.125.jar:/home/evgeny/.m2/repository/com/amazonaws/aws-java-sdk-discovery/1.11.125/aws-java-sdk-discovery-1.11.125.jar:/home/evgeny/.m2/repository/com/amazonaws/aws-java-sdk-applicationautoscaling/1.11.125/aws-java-sdk-applicationautoscaling-1.11.125.jar:/home/evgeny/.m2/repository/com/amazonaws/aws-java-sdk-snowball/1.11.125/aws-java-sdk-snowball-1.11.125.jar:/home/evgeny/.m2/repository/com/amazonaws/aws-java-sdk-rekognition/1.11.125/aws-java-sdk-rekognition-1.11.125.jar:/home/evgeny/.m2/repository/com/amazonaws/aws-java-sdk-polly/1.11.125/aws-java-sdk-polly-1.11.125.jar:/home/evgeny/.m2/repository/com/amazonaws/aws-java-sdk-lightsail/1.11.125/aws-java-sdk-lightsail-1.11.125.jar:/home/evgeny/.m2/repository/com/amazonaws/aws-java-sdk-stepfunctions/1.11.125/aws-java-sdk-stepfunctions-1.11.125.jar:/home/evgeny/.m2/repository/com/amazonaws/aws-java-sdk-health/1.11.125/aws-java-sdk-health-1.11.125.jar:/home/evgeny/.m2/repository/com/amazonaws/aws-java-sdk-costandusagereport/1.11.125/aws-java-sdk-costandusagereport-1.11.125.jar:/home/evgeny/.m2/repository/com/amazonaws/aws-java-sdk-codebuild/1.11.125/aws-java-sdk-codebuild-1.11.125.jar:/home/evgeny/.m2/repository/com/amazonaws/aws-java-sdk-appstream/1.11.125/aws-java-sdk-appstream-1.11.125.jar:/home/evgeny/.m2/repository/com/amazonaws/aws-java-sdk-shield/1.11.125/aws-java-sdk-shield-1.11.125.jar:/home/evgeny/.m2/repository/com/amazonaws/aws-java-sdk-batch/1.11.125/aws-java-sdk-batch-1.11.125.jar:/home/evgeny/.m2/repository/com/amazonaws/aws-java-sdk-lex/1.11.125/aws-java-sdk-lex-1.11.125.jar:/home/evgeny/.m2/repository/com/amazonaws/aws-java-sdk-mechanicalturkrequester/1.11.125/aws-java-sdk-mechanicalturkrequester-1.11.125.jar:/home/evgeny/.m2/repository/com/amazonaws/aws-java-sdk-organizations/1.11.125/aws-java-sdk-organizations-1.11.125.jar:/home/evgeny/.m2/repository/com/amazonaws/aws-java-sdk-workdocs/1.11.125/aws-java-sdk-workdocs-1.11.125.jar:/home/evgeny/.m2/repository/com/amazonaws/aws-java-sdk-core/1.11.125/aws-java-sdk-core-1.11.125.jar:/home/evgeny/.m2/repository/software/amazon/ion/ion-java/1.0.2/ion-java-1.0.2.jar:/home/evgeny/.m2/repository/com/fasterxml/jackson/core/jackson-databind/2.6.6/jackson-databind-2.6.6.jar:/home/evgeny/.m2/repository/com/fasterxml/jackson/core/jackson-core/2.6.6/jackson-core-2.6.6.jar:/home/evgeny/.m2/repository/com/fasterxml/jackson/dataformat/jackson-dataformat-cbor/2.6.6/jackson-dataformat-cbor-2.6.6.jar:/home/evgeny/.m2/repository/joda-time/joda-time/2.8.1/joda-time-2.8.1.jar:/home/evgeny/.m2/repository/com/amazonaws/aws-java-sdk-models/1.11.125/aws-java-sdk-models-1.11.125.jar:/home/evgeny/.m2/repository/com/amazonaws/aws-java-sdk-swf-libraries/1.11.22/aws-java-sdk-swf-libraries-1.11.22.jar:"/>
    <property name="sun.cpu.endian" value="little"/>
    <property name="user.home" value="/home/evgeny"/>
    <property name="user.language" value="en"/>
    <property name="java.specification.vendor" value="Oracle Corporation"/>
    <property name="java.home" value="/usr/lib/jvm/java-8-oracle/jre"/>
    <property name="basedir" value="/media/evgeny/Data/ControlUpTestTask"/>
    <property name="file.separator" value="/"/>
    <property name="line.separator" value="&#10;"/>
    <property name="java.vm.specification.vendor" value="Oracle Corporation"/>
    <property name="java.specification.name" value="Java Platform API Specification"/>
    <property name="java.awt.graphicsenv" value="sun.awt.X11GraphicsEnvironment"/>
    <property name="surefire.real.class.path" value="/media/evgeny/Data/ControlUpTestTask/target/surefire/surefirebooter5198143204918989849.jar"/>
    <property name="sun.boot.class.path" value="/usr/lib/jvm/java-8-oracle/jre/lib/resources.jar:/usr/lib/jvm/java-8-oracle/jre/lib/rt.jar:/usr/lib/jvm/java-8-oracle/jre/lib/sunrsasign.jar:/usr/lib/jvm/java-8-oracle/jre/lib/jsse.jar:/usr/lib/jvm/java-8-oracle/jre/lib/jce.jar:/usr/lib/jvm/java-8-oracle/jre/lib/charsets.jar:/usr/lib/jvm/java-8-oracle/jre/lib/jfr.jar:/usr/lib/jvm/java-8-oracle/jre/classes"/>
    <property name="sun.management.compiler" value="HotSpot 64-Bit Tiered Compilers"/>
    <property name="java.runtime.version" value="1.8.0_191-b12"/>
    <property name="user.name" value="evgeny"/>
    <property name="path.separator" value=":"/>
    <property name="os.version" value="4.15.0-43-generic"/>
    <property name="java.endorsed.dirs" value="/usr/lib/jvm/java-8-oracle/jre/lib/endorsed"/>
    <property name="java.runtime.name" value="Java(TM) SE Runtime Environment"/>
    <property name="file.encoding" value="UTF-8"/>
    <property name="java.vm.name" value="Java HotSpot(TM) 64-Bit Server VM"/>
    <property name="localRepository" value="/home/evgeny/.m2/repository"/>
    <property name="java.vendor.url.bug" value="http://bugreport.sun.com/bugreport/"/>
    <property name="java.io.tmpdir" value="/tmp"/>
    <property name="idea.version" value="2018.3.4"/>
    <property name="java.version" value="1.8.0_191"/>
    <property name="user.dir" value="/media/evgeny/Data/ControlUpTestTask"/>
    <property name="os.arch" value="amd64"/>
    <property name="java.vm.specification.name" value="Java Virtual Machine Specification"/>
    <property name="java.awt.printerjob" value="sun.print.PSPrinterJob"/>
    <property name="sun.os.patch.level" value="unknown"/>
    <property name="java.library.path" value="/usr/java/packages/lib/amd64:/usr/lib64:/lib64:/lib:/usr/lib"/>
    <property name="java.vm.info" value="mixed mode"/>
    <property name="java.vendor" value="Oracle Corporation"/>
    <property name="java.vm.version" value="25.191-b12"/>
    <property name="java.ext.dirs" value="/usr/lib/jvm/java-8-oracle/jre/lib/ext:/usr/java/packages/lib/ext"/>
    <property name="sun.io.unicode.encoding" value="UnicodeLittle"/>
    <property name="java.class.version" value="52.0"/>
  </properties>
  <testcase name="Given I&apos;m on login page" classname="| NewInsightsTest@gmail.com | Test123456! |" time="0.001"/>
  <testcase name="And I&apos;m trying to login with &quot;NewInsightsTest@gmail.com&quot; and &quot;Test123456!&quot;" classname="| NewInsightsTest@gmail.com | Test123456! |" time="0"/>
  <testcase name="And I&apos;m on home page and i&apos;m logged in as &quot;NewInsightsTest@gmail.com&quot;" classname="| NewInsightsTest@gmail.com | Test123456! |" time="0"/>
  <testcase name="And I&apos;m on the &quot;Sessions Count&quot; report page" classname="| NewInsightsTest@gmail.com | Test123456! |" time="0"/>
  <testcase name="And Report default time preset is one year" classname="| NewInsightsTest@gmail.com | Test123456! |" time="0"/>
  <testcase name="And Report selector appear as &quot;Entire Organization&quot;" classname="| NewInsightsTest@gmail.com | Test123456! |" time="0.001"/>
  <testcase name="When I click on &quot;Export&quot; and then choose &quot;CSV&quot;" classname="| NewInsightsTest@gmail.com | Test123456! |" time="0"/>
  <testcase name="Then File is downloaded and file name is &quot;CU Insights - User Sessions Count - 1Y&quot; and it is not empty" classname="| NewInsightsTest@gmail.com | Test123456! |" time="0.013">
    <failure message="File is empty." type="java.lang.AssertionError">java.lang.AssertionError: File is empty.
</failure>
  </testcase>
  <testcase name="| NewInsightsTest@gmail.com | Test123456! |" classname="| NewInsightsTest@gmail.com | Test123456! |" time="0.013">
    <failure message="File is empty." type="java.lang.AssertionError">java.lang.AssertionError: File is empty.
</failure>
  </testcase>
  <testcase name="And File &quot;CU Insights - User Sessions Count - 1Y&quot; deleted successfully" classname="| NewInsightsTest@gmail.com | Test123456! |" time="0">
    <skipped/>
  </testcase>
</testsuite>